Drill report for C:\Users\IFX-radar\Documents\Projects\Calculator Battery Retrofits\TI59_battery\electrical\TI59_battery.kicad_pcb
Created on 14/01/2021 15:41:52

Copper Layer Stackup:
    =============================================================
    L1 :  F.Cu                      front
    L2 :  B.Cu                      back


Drill file 'TI59_battery-PTH.drl' contains
    plated through holes:
    =============================================================
    T1  0.50mm  0.020"  (5 holes)
    T2  0.60mm  0.024"  (2 holes)  (with 2 slots)
    T3  0.70mm  0.028"  (6 holes)
    T4  0.75mm  0.030"  (2 holes)
    T5  0.85mm  0.033"  (2 holes)

    Total plated holes count 17


Drill file 'TI59_battery-NPTH.drl' contains
    unplated through holes:
    =============================================================
    T1  2.00mm  0.079"  (4 holes)

    Total unplated holes count 4
